{
  "stats": {
    "suites": 1,
    "tests": 2,
    "passes": 1,
    "pending": 0,
    "failures": 1,
    "start": "2020-07-16T11:23:38.790Z",
    "end": "2020-07-16T11:23:46.798Z",
    "duration": 8008,
    "testsRegistered": 2,
    "passPercent": 50,
    "pendingPercent": 0,
    "other": 0,
    "hasOther": false,
    "skipped": 0,
    "hasSkipped": false
  },
  "results": [
    {
      "uuid": "0e859afa-65c4-481f-95ce-e84f97e62746",
      "title": "",
      "fullFile": "cypress/integration/prac/tableFilter.spec.js",
      "file": "cypress/integration/prac/tableFilter.spec.js",
      "beforeHooks": [],
      "afterHooks": [],
      "tests": [],
      "suites": [
        {
          "uuid": "0818b620-a249-44cf-8f6d-e1e949cd32f2",
          "title": "test table filter - pom",
          "fullFile": "",
          "file": "",
          "beforeHooks": [],
          "afterHooks": [],
          "tests": [
            {
              "title": "TC001: Select a value from the drop down",
              "fullTitle": "test table filter - pom TC001: Select a value from the drop down",
              "timedOut": null,
              "duration": 6302,
              "state": "failed",
              "speed": null,
              "pass": false,
              "fail": true,
              "pending": false,
              "context": null,
              "code": "_homepage[\"default\"].getTableDropdown().click();\n_homepage[\"default\"].getTableFilterDropdownValue().click();\ncy.title().should('eq', 'Selenium Easy - Table Data Filter Demo');\n_tableFilter[\"default\"].getRedButton().click();\ncy.get();",
              "err": {
                "message": "TypeError: _homepage.default.getTableDropdown is not a function",
                "estack": "TypeError: _homepage.default.getTableDropdown is not a function\n    at Context.eval (https://www.seleniumeasy.com/__cypress/tests?p=cypress/integration/prac/tableFilter.spec.js:16:26)",
                "diff": null
              },
              "uuid": "f3ca382c-b840-49d5-85c3-376e7ada866f",
              "parentUUID": "0818b620-a249-44cf-8f6d-e1e949cd32f2",
              "isHook": false,
              "skipped": false
            },
            {
              "title": "TC002: Loop throught the dropdown using fixtures",
              "fullTitle": "test table filter - pom TC002: Loop throught the dropdown using fixtures",
              "timedOut": null,
              "duration": 1657,
              "state": "passed",
              "speed": "slow",
              "pass": true,
              "fail": false,
              "pending": false,
              "context": null,
              "code": "",
              "err": {},
              "uuid": "cdd9f8fb-4e47-4cf8-8727-419af1a751d7",
              "parentUUID": "0818b620-a249-44cf-8f6d-e1e949cd32f2",
              "isHook": false,
              "skipped": false
            }
          ],
          "suites": [],
          "passes": [
            "cdd9f8fb-4e47-4cf8-8727-419af1a751d7"
          ],
          "failures": [
            "f3ca382c-b840-49d5-85c3-376e7ada866f"
          ],
          "pending": [],
          "skipped": [],
          "duration": 7959,
          "root": false,
          "rootEmpty": false,
          "_timeout": 2000
        }
      ],
      "passes": [],
      "failures": [],
      "pending": [],
      "skipped": [],
      "duration": 0,
      "root": true,
      "rootEmpty": true,
      "_timeout": 2000
    }
  ],
  "meta": {
    "mocha": {
      "version": "7.0.1"
    },
    "mochawesome": {
      "options": {
        "quiet": false,
        "reportFilename": "mochawesome",
        "saveHtml": false,
        "saveJson": true,
        "consoleReporter": "spec",
        "useInlineDiffs": false,
        "code": true
      },
      "version": "6.1.1"
    },
    "marge": {
      "options": {
        "reportDir": "cypress/reports/mochawesome-report",
        "quite": true,
        "overwrite": false,
        "html": false,
        "json": true,
        "timestamp": "mmddyyyy_HHMMss"
      },
      "version": "5.1.0"
    }
  }
}